<?xml version="1.0" encoding="UTF-8"?>
<!-- Generated by org.testng.reporters.JUnitReportReporter -->
<testsuite hostname="LAPTOP-67394E9J" name="dummypractice.JenkTest" tests="2" failures="0" timestamp="14 Dec 2019 16:20:42 GMT" time="0.002" errors="0">
  <testcase name="Jenk1" time="0.001" classname="dummypractice.JenkTest"/>
  <testcase name="Jenk2" time="0.001" classname="dummypractice.JenkTest"/>
</testsuite> <!-- dummypractice.JenkTest -->
