<?xml version="1.0" encoding="UTF-8"?>
<!-- Generated by org.testng.reporters.JUnitReportReporter -->
<testsuite hostname="LAPTOP-67394E9J" name="dummypractice.SoapTest" tests="2" failures="0" timestamp="14 Dec 2019 16:20:41 GMT" time="0.027" errors="0">
  <testcase name="Soap1" time="0.026" classname="dummypractice.SoapTest"/>
  <testcase name="Soap2" time="0.001" classname="dummypractice.SoapTest"/>
</testsuite> <!-- dummypractice.SoapTest -->
