<?xml version="1.0" encoding="UTF-8"?>
<!-- Generated by org.testng.reporters.JUnitReportReporter -->
<testsuite hostname="LAPTOP-67394E9J" name="dummypractice.SeleniumTest" tests="2" failures="0" timestamp="14 Dec 2019 16:20:42 GMT" time="0.005" errors="0">
  <testcase name="sele1" time="0.002" classname="dummypractice.SeleniumTest"/>
  <testcase name="sele2" time="0.003" classname="dummypractice.SeleniumTest"/>
</testsuite> <!-- dummypractice.SeleniumTest -->
